<?xml version="1.0" encoding="UTF-8"?>
<!-- Generated by org.testng.reporters.JUnitXMLReporter -->
<testsuite ignored="2" hostname="DESKTOP-JIP4V5I" failures="0" tests="2" name="Test" time="27.121" errors="0" timestamp="30 Jan 2023 08:10:34 GMT">
  <testcase classname="Test.loginTest" name="login" time="0.303"/>
  <testcase classname="Test.materialTest" name="Page" time="26.786"/>
  <testcase classname="base.initial" name="@AfterSuite closeChrome" time="0.0">
    <ignored/>
  </testcase> <!-- @AfterSuite closeChrome -->
  <testcase classname="base.initial" name="@BeforeSuite main" time="0.0">
    <ignored/>
  </testcase> <!-- @BeforeSuite main -->
</testsuite> <!-- Test -->
