<?xml version="1.0" encoding="UTF-8"?>
<testng-results ignored="2" total="4" passed="2" failed="0" skipped="0">
  <reporter-output>
  </reporter-output>
  <suite started-at="2023-01-30T08:10:07Z" name="Suite" finished-at="2023-01-30T08:10:34Z" duration-ms="27121">
    <groups>
    </groups>
    <test started-at="2023-01-30T08:10:07Z" name="Test" finished-at="2023-01-30T08:10:34Z" duration-ms="27121">
      <class name="Test.loginTest">
        <test-method is-config="true" signature="main()[pri:0, instance:Test.loginTest@69fa8e76]" started-at="2023-01-30T08:10:02Z" name="main" finished-at="2023-01-30T08:10:07Z" duration-ms="4609" status="PASS">
          <reporter-output>
          </reporter-output>
        </test-method> <!-- main -->
        <test-method signature="login()[pri:0, instance:Test.loginTest@69fa8e76]" started-at="2023-01-30T08:10:07Z" name="login" finished-at="2023-01-30T08:10:07Z" duration-ms="303" status="PASS">
          <reporter-output>
          </reporter-output>
        </test-method> <!-- login -->
        <test-method is-config="true" signature="closeChrome()[pri:0, instance:Test.loginTest@69fa8e76]" started-at="2023-01-30T08:10:34Z" name="closeChrome" finished-at="2023-01-30T08:10:34Z" duration-ms="355" status="PASS">
          <reporter-output>
          </reporter-output>
        </test-method> <!-- closeChrome -->
      </class> <!-- Test.loginTest -->
      <class name="Test.materialTest">
        <test-method signature="Page()[pri:0, instance:Test.materialTest@bdd2027]" started-at="2023-01-30T08:10:07Z" name="Page" finished-at="2023-01-30T08:10:34Z" duration-ms="26786" status="PASS">
          <reporter-output>
          </reporter-output>
        </test-method> <!-- Page -->
      </class> <!-- Test.materialTest -->
    </test> <!-- Test -->
  </suite> <!-- Suite -->
</testng-results>
